2025-04-04 07:12:16.699392 - Received CBT.V508.FILE280.PDS from FILE280.XMI 
2025-04-04 07:12:16.704513 - Found $$$#DATE.txt (text/plain) in CBT.V508.FILE280.PDS, moved to PDS/$$$#DATE
2025-04-04 07:12:16.704669 - Found @FILE280.txt (text/plain) in CBT.V508.FILE280.PDS, moved to PDS/@FILE280
2025-04-04 07:12:16.704809 - Found AD.t (text/troff) in CBT.V508.FILE280.PDS, moved to PDS/AD
2025-04-04 07:12:16.705513 - Found AP.bin (application/octet-stream) in CBT.V508.FILE280.PDS, moved to PDS/AP
2025-04-04 07:12:16.705731 - Found APDIXCTL.txt (text/plain) in CBT.V508.FILE280.PDS, moved to PDS/APDIXCTL
2025-04-04 07:12:16.706212 - Found APENDIXA.t (text/troff) in CBT.V508.FILE280.PDS, moved to PDS/APENDIXA
2025-04-04 07:12:16.706353 - Found APENDIXB.t (text/troff) in CBT.V508.FILE280.PDS, moved to PDS/APENDIXB
2025-04-04 07:12:16.706500 - Found APENDIXC.t (text/troff) in CBT.V508.FILE280.PDS, moved to PDS/APENDIXC
2025-04-04 07:12:16.706626 - Found APENDIXD.t (text/troff) in CBT.V508.FILE280.PDS, moved to PDS/APENDIXD
2025-04-04 07:12:16.706771 - Found APENDIXE.t (text/troff) in CBT.V508.FILE280.PDS, moved to PDS/APENDIXE
2025-04-04 07:12:16.706926 - Found APENDIXF.bin (application/octet-stream) in CBT.V508.FILE280.PDS, moved to PDS/APENDIXF
2025-04-04 07:12:16.707064 - Found APENDIXG.t (text/troff) in CBT.V508.FILE280.PDS, moved to PDS/APENDIXG
2025-04-04 07:12:16.707229 - Found APENDIXH.bin (application/octet-stream) in CBT.V508.FILE280.PDS, moved to PDS/APENDIXH
2025-04-04 07:12:16.707383 - Found APENDIXI.t (text/troff) in CBT.V508.FILE280.PDS, moved to PDS/APENDIXI
2025-04-04 07:12:16.707503 - Found APENDIXX.t (text/troff) in CBT.V508.FILE280.PDS, moved to PDS/APENDIXX
2025-04-04 07:12:16.707636 - Found AR.bin (application/octet-stream) in CBT.V508.FILE280.PDS, moved to PDS/AR
2025-04-04 07:12:16.707762 - Found BC.t (text/troff) in CBT.V508.FILE280.PDS, moved to PDS/BC
2025-04-04 07:12:16.707885 - Found BLANKPG.bin (application/octet-stream) in CBT.V508.FILE280.PDS, moved to PDS/BLANKPG
2025-04-04 07:12:16.708018 - Found BM.bin (application/octet-stream) in CBT.V508.FILE280.PDS, moved to PDS/BM
2025-04-04 07:12:16.708142 - Found BR.t (text/troff) in CBT.V508.FILE280.PDS, moved to PDS/BR
2025-04-04 07:12:16.708251 - Found BS.t (text/troff) in CBT.V508.FILE280.PDS, moved to PDS/BS
2025-04-04 07:12:16.708376 - Found BT.bin (application/octet-stream) in CBT.V508.FILE280.PDS, moved to PDS/BT
2025-04-04 07:12:16.708488 - Found BX.t (text/troff) in CBT.V508.FILE280.PDS, moved to PDS/BX
2025-04-04 07:12:16.708609 - Found CB.txt (text/plain) in CBT.V508.FILE280.PDS, moved to PDS/CB
2025-04-04 07:12:16.708751 - Found CC.t (text/troff) in CBT.V508.FILE280.PDS, moved to PDS/CC
2025-04-04 07:12:16.708905 - Found CD.t (text/troff) in CBT.V508.FILE280.PDS, moved to PDS/CD
2025-04-04 07:12:16.709018 - Found CE.t (text/troff) in CBT.V508.FILE280.PDS, moved to PDS/CE
2025-04-04 07:12:16.709130 - Found CL.t (text/troff) in CBT.V508.FILE280.PDS, moved to PDS/CL
2025-04-04 07:12:16.709251 - Found CM.t (text/troff) in CBT.V508.FILE280.PDS, moved to PDS/CM
2025-04-04 07:12:16.709524 - Found CMSSCR.bin (application/octet-stream) in CBT.V508.FILE280.PDS, moved to PDS/CMSSCR
2025-04-04 07:12:16.709650 - Found CO.bin (application/octet-stream) in CBT.V508.FILE280.PDS, moved to PDS/CO
2025-04-04 07:12:16.709766 - Found CONTENTS.t (text/troff) in CBT.V508.FILE280.PDS, moved to PDS/CONTENTS
2025-04-04 07:12:16.709886 - Found CORRTRAN.t (text/troff) in CBT.V508.FILE280.PDS, moved to PDS/CORRTRAN
2025-04-04 07:12:16.710031 - Found CP.bin (application/octet-stream) in CBT.V508.FILE280.PDS, moved to PDS/CP
2025-04-04 07:12:16.710154 - Found CR.t (text/troff) in CBT.V508.FILE280.PDS, moved to PDS/CR
2025-04-04 07:12:16.710276 - Found CRINPUT.t (text/troff) in CBT.V508.FILE280.PDS, moved to PDS/CRINPUT
2025-04-04 07:12:16.710403 - Found CS.bin (application/octet-stream) in CBT.V508.FILE280.PDS, moved to PDS/CS
2025-04-04 07:12:16.710520 - Found CW.t (text/troff) in CBT.V508.FILE280.PDS, moved to PDS/CW
2025-04-04 07:12:16.710634 - Found DA.t (text/troff) in CBT.V508.FILE280.PDS, moved to PDS/DA
2025-04-04 07:12:16.710752 - Found DC.txt (text/plain) in CBT.V508.FILE280.PDS, moved to PDS/DC
2025-04-04 07:12:16.710908 - Found DH.t (text/troff) in CBT.V508.FILE280.PDS, moved to PDS/DH
2025-04-04 07:12:16.711055 - Found DM.bin (application/octet-stream) in CBT.V508.FILE280.PDS, moved to PDS/DM
2025-04-04 07:12:16.711189 - Found DO.bin (application/octet-stream) in CBT.V508.FILE280.PDS, moved to PDS/DO
2025-04-04 07:12:16.711323 - Found DS.t (text/troff) in CBT.V508.FILE280.PDS, moved to PDS/DS
2025-04-04 07:12:16.711432 - Found EB.bin (application/octet-stream) in CBT.V508.FILE280.PDS, moved to PDS/EB
2025-04-04 07:12:16.711566 - Found EF.t (text/troff) in CBT.V508.FILE280.PDS, moved to PDS/EF
2025-04-04 07:12:16.711682 - Found EL.t (text/troff) in CBT.V508.FILE280.PDS, moved to PDS/EL
2025-04-04 07:12:16.711822 - Found EM.bin (application/octet-stream) in CBT.V508.FILE280.PDS, moved to PDS/EM
2025-04-04 07:12:16.711967 - Found EN.bin (application/octet-stream) in CBT.V508.FILE280.PDS, moved to PDS/EN
2025-04-04 07:12:16.712109 - Found EP.txt (text/plain) in CBT.V508.FILE280.PDS, moved to PDS/EP
2025-04-04 07:12:16.712231 - Found ER.t (text/troff) in CBT.V508.FILE280.PDS, moved to PDS/ER
2025-04-04 07:12:16.712355 - Found ERRORS.bin (application/octet-stream) in CBT.V508.FILE280.PDS, moved to PDS/ERRORS
2025-04-04 07:12:16.712480 - Found ET.bin (application/octet-stream) in CBT.V508.FILE280.PDS, moved to PDS/ET
2025-04-04 07:12:16.712591 - Found EZ.txt (text/plain) in CBT.V508.FILE280.PDS, moved to PDS/EZ
2025-04-04 07:12:16.712722 - Found FB.bin (application/octet-stream) in CBT.V508.FILE280.PDS, moved to PDS/FB
2025-04-04 07:12:16.712854 - Found FCLIST.t (text/troff) in CBT.V508.FILE280.PDS, moved to PDS/FCLIST
2025-04-04 07:12:16.712989 - Found FD.t (text/troff) in CBT.V508.FILE280.PDS, moved to PDS/FD
2025-04-04 07:12:16.713120 - Found FE.t (text/troff) in CBT.V508.FILE280.PDS, moved to PDS/FE
2025-04-04 07:12:16.713334 - Found FK.bin (application/octet-stream) in CBT.V508.FILE280.PDS, moved to PDS/FK
2025-04-04 07:12:16.713465 - Found FM.bin (application/octet-stream) in CBT.V508.FILE280.PDS, moved to PDS/FM
2025-04-04 07:12:16.713610 - Found FN.bin (application/octet-stream) in CBT.V508.FILE280.PDS, moved to PDS/FN
2025-04-04 07:12:16.713740 - Found FO.bin (application/octet-stream) in CBT.V508.FILE280.PDS, moved to PDS/FO
2025-04-04 07:12:16.713870 - Found FS.bin (application/octet-stream) in CBT.V508.FILE280.PDS, moved to PDS/FS
2025-04-04 07:12:16.714190 - Found FV.t (text/troff) in CBT.V508.FILE280.PDS, moved to PDS/FV
2025-04-04 07:12:16.714354 - Found GO.txt (text/plain) in CBT.V508.FILE280.PDS, moved to PDS/GO
2025-04-04 07:12:16.714496 - Found HD.t (text/troff) in CBT.V508.FILE280.PDS, moved to PDS/HD
2025-04-04 07:12:16.714638 - Found HE.bin (application/octet-stream) in CBT.V508.FILE280.PDS, moved to PDS/HE
2025-04-04 07:12:16.714779 - Found HEADER.txt (text/plain) in CBT.V508.FILE280.PDS, moved to PDS/HEADER
2025-04-04 07:12:16.714956 - Found HI.t (text/troff) in CBT.V508.FILE280.PDS, moved to PDS/HI
2025-04-04 07:12:16.715091 - Found HL.t (text/troff) in CBT.V508.FILE280.PDS, moved to PDS/HL
2025-04-04 07:12:16.715222 - Found HM.bin (application/octet-stream) in CBT.V508.FILE280.PDS, moved to PDS/HM
2025-04-04 07:12:16.715338 - Found HN.t (text/troff) in CBT.V508.FILE280.PDS, moved to PDS/HN
2025-04-04 07:12:16.715459 - Found HS.bin (application/octet-stream) in CBT.V508.FILE280.PDS, moved to PDS/HS
2025-04-04 07:12:16.715579 - Found HV.t (text/troff) in CBT.V508.FILE280.PDS, moved to PDS/HV
2025-04-04 07:12:16.715722 - Found HW.t (text/troff) in CBT.V508.FILE280.PDS, moved to PDS/HW
2025-04-04 07:12:16.715844 - Found HY.bin (application/octet-stream) in CBT.V508.FILE280.PDS, moved to PDS/HY
2025-04-04 07:12:16.715959 - Found H0.t (text/troff) in CBT.V508.FILE280.PDS, moved to PDS/H0
2025-04-04 07:12:16.716070 - Found IF.t (text/troff) in CBT.V508.FILE280.PDS, moved to PDS/IF
2025-04-04 07:12:16.716184 - Found IL.t (text/troff) in CBT.V508.FILE280.PDS, moved to PDS/IL
2025-04-04 07:12:16.716306 - Found IM.t (text/troff) in CBT.V508.FILE280.PDS, moved to PDS/IM
2025-04-04 07:12:16.716435 - Found IN.t (text/troff) in CBT.V508.FILE280.PDS, moved to PDS/IN
2025-04-04 07:12:16.716559 - Found IX.bin (application/octet-stream) in CBT.V508.FILE280.PDS, moved to PDS/IX
2025-04-04 07:12:16.716689 - Found JU.bin (application/octet-stream) in CBT.V508.FILE280.PDS, moved to PDS/JU
2025-04-04 07:12:16.716803 - Found LA.t (text/troff) in CBT.V508.FILE280.PDS, moved to PDS/LA
2025-04-04 07:12:16.716922 - Found LB.bin (application/octet-stream) in CBT.V508.FILE280.PDS, moved to PDS/LB
2025-04-04 07:12:16.717181 - Found LE.bin (application/octet-stream) in CBT.V508.FILE280.PDS, moved to PDS/LE
2025-04-04 07:12:16.717294 - Found LI.t (text/troff) in CBT.V508.FILE280.PDS, moved to PDS/LI
2025-04-04 07:12:16.717425 - Found LL.bin (application/octet-stream) in CBT.V508.FILE280.PDS, moved to PDS/LL
2025-04-04 07:12:16.717545 - Found LN.t (text/troff) in CBT.V508.FILE280.PDS, moved to PDS/LN
2025-04-04 07:12:16.717681 - Found LS.bin (application/octet-stream) in CBT.V508.FILE280.PDS, moved to PDS/LS
2025-04-04 07:12:16.717796 - Found MC.txt (text/plain) in CBT.V508.FILE280.PDS, moved to PDS/MC
2025-04-04 07:12:16.717930 - Found MS.t (text/troff) in CBT.V508.FILE280.PDS, moved to PDS/MS
2025-04-04 07:12:16.718037 - Found NC.t (text/troff) in CBT.V508.FILE280.PDS, moved to PDS/NC
2025-04-04 07:12:16.718152 - Found NF.t (text/troff) in CBT.V508.FILE280.PDS, moved to PDS/NF
2025-04-04 07:12:16.718267 - Found NJ.t (text/troff) in CBT.V508.FILE280.PDS, moved to PDS/NJ
2025-04-04 07:12:16.718378 - Found NL.bin (application/octet-stream) in CBT.V508.FILE280.PDS, moved to PDS/NL
2025-04-04 07:12:16.718493 - Found NSCRFC1.t (text/troff) in CBT.V508.FILE280.PDS, moved to PDS/NSCRFC1
2025-04-04 07:12:16.718625 - Found OB.bin (application/octet-stream) in CBT.V508.FILE280.PDS, moved to PDS/OB
2025-04-04 07:12:16.718749 - Found OC.t (text/troff) in CBT.V508.FILE280.PDS, moved to PDS/OC
2025-04-04 07:12:16.718879 - Found OF.bin (application/octet-stream) in CBT.V508.FILE280.PDS, moved to PDS/OF
2025-04-04 07:12:16.718999 - Found OFFSCR.t (text/troff) in CBT.V508.FILE280.PDS, moved to PDS/OFFSCR
2025-04-04 07:12:16.719138 - Found OJ.t (text/troff) in CBT.V508.FILE280.PDS, moved to PDS/OJ
2025-04-04 07:12:16.719247 - Found ONTERM.txt (text/plain) in CBT.V508.FILE280.PDS, moved to PDS/ONTERM
2025-04-04 07:12:16.719363 - Found OO.t (text/troff) in CBT.V508.FILE280.PDS, moved to PDS/OO
2025-04-04 07:12:16.719476 - Found OP.txt (text/plain) in CBT.V508.FILE280.PDS, moved to PDS/OP
2025-04-04 07:12:16.719610 - Found OPTIONS.bin (application/octet-stream) in CBT.V508.FILE280.PDS, moved to PDS/OPTIONS
2025-04-04 07:12:16.719729 - Found OT.bin (application/octet-stream) in CBT.V508.FILE280.PDS, moved to PDS/OT
2025-04-04 07:12:16.719878 - Found OV.t (text/troff) in CBT.V508.FILE280.PDS, moved to PDS/OV
2025-04-04 07:12:16.720007 - Found PA.bin (application/octet-stream) in CBT.V508.FILE280.PDS, moved to PDS/PA
2025-04-04 07:12:16.720118 - Found PD.txt (text/plain) in CBT.V508.FILE280.PDS, moved to PDS/PD
2025-04-04 07:12:16.720223 - Found PE.t (text/troff) in CBT.V508.FILE280.PDS, moved to PDS/PE
2025-04-04 07:12:16.720330 - Found PI.t (text/troff) in CBT.V508.FILE280.PDS, moved to PDS/PI
2025-04-04 07:12:16.720435 - Found PL.bin (application/octet-stream) in CBT.V508.FILE280.PDS, moved to PDS/PL
2025-04-04 07:12:16.720544 - Found PN.bin (application/octet-stream) in CBT.V508.FILE280.PDS, moved to PDS/PN
2025-04-04 07:12:16.720669 - Found PP.t (text/troff) in CBT.V508.FILE280.PDS, moved to PDS/PP
2025-04-04 07:12:16.720778 - Found PR.txt (text/plain) in CBT.V508.FILE280.PDS, moved to PDS/PR
2025-04-04 07:12:16.720888 - Found PREFACE.t (text/troff) in CBT.V508.FILE280.PDS, moved to PDS/PREFACE
2025-04-04 07:12:16.721010 - Found PS.t (text/troff) in CBT.V508.FILE280.PDS, moved to PDS/PS
2025-04-04 07:12:16.721120 - Found PT.t (text/troff) in CBT.V508.FILE280.PDS, moved to PDS/PT
2025-04-04 07:12:16.721226 - Found PU.bin (application/octet-stream) in CBT.V508.FILE280.PDS, moved to PDS/PU
2025-04-04 07:12:16.721331 - Found PURPOSE.t (text/troff) in CBT.V508.FILE280.PDS, moved to PDS/PURPOSE
2025-04-04 07:12:16.721436 - Found PV.txt (text/plain) in CBT.V508.FILE280.PDS, moved to PDS/PV
2025-04-04 07:12:16.721547 - Found QQ.t (text/troff) in CBT.V508.FILE280.PDS, moved to PDS/QQ
2025-04-04 07:12:16.721657 - Found QU.t (text/troff) in CBT.V508.FILE280.PDS, moved to PDS/QU
2025-04-04 07:12:16.721778 - Found RA.t (text/troff) in CBT.V508.FILE280.PDS, moved to PDS/RA
2025-04-04 07:12:16.721906 - Found RC.t (text/troff) in CBT.V508.FILE280.PDS, moved to PDS/RC
2025-04-04 07:12:16.722024 - Found RD.bin (application/octet-stream) in CBT.V508.FILE280.PDS, moved to PDS/RD
2025-04-04 07:12:16.722132 - Found RE.txt (text/plain) in CBT.V508.FILE280.PDS, moved to PDS/RE
2025-04-04 07:12:16.722258 - Found REF$.txt (text/plain) in CBT.V508.FILE280.PDS, moved to PDS/REF$
2025-04-04 07:12:16.722479 - Found REFALPH.t (text/troff) in CBT.V508.FILE280.PDS, moved to PDS/REFALPH
2025-04-04 07:12:16.722589 - Found REFERENC.txt (text/plain) in CBT.V508.FILE280.PDS, moved to PDS/REFERENC
2025-04-04 07:12:16.722710 - Found REFINTRO.bin (application/octet-stream) in CBT.V508.FILE280.PDS, moved to PDS/REFINTRO
2025-04-04 07:12:16.722823 - Found RM.bin (application/octet-stream) in CBT.V508.FILE280.PDS, moved to PDS/RM
2025-04-04 07:12:16.722940 - Found RO.bin (application/octet-stream) in CBT.V508.FILE280.PDS, moved to PDS/RO
2025-04-04 07:12:16.723053 - Found RV.t (text/troff) in CBT.V508.FILE280.PDS, moved to PDS/RV
2025-04-04 07:12:16.723160 - Found SA.txt (text/plain) in CBT.V508.FILE280.PDS, moved to PDS/SA
2025-04-04 07:12:16.723281 - Found SC.txt (text/plain) in CBT.V508.FILE280.PDS, moved to PDS/SC
2025-04-04 07:12:16.723407 - Found SCRDOC.t (text/troff) in CBT.V508.FILE280.PDS, moved to PDS/SCRDOC
2025-04-04 07:12:16.723531 - Found SCRINTRO.txt (text/plain) in CBT.V508.FILE280.PDS, moved to PDS/SCRINTRO
2025-04-04 07:12:16.723642 - Found SCRIPT.txt (text/plain) in CBT.V508.FILE280.PDS, moved to PDS/SCRIPT
2025-04-04 07:12:16.723758 - Found SCRIPTCD.txt (text/plain) in CBT.V508.FILE280.PDS, moved to PDS/SCRIPTCD
2025-04-04 07:12:16.723874 - Found SCRIPTNI.txt (text/plain) in CBT.V508.FILE280.PDS, moved to PDS/SCRIPTNI
2025-04-04 07:12:16.724000 - Found SCRIPTUP.t (text/troff) in CBT.V508.FILE280.PDS, moved to PDS/SCRIPTUP
2025-04-04 07:12:16.724114 - Found SE.t (text/troff) in CBT.V508.FILE280.PDS, moved to PDS/SE
2025-04-04 07:12:16.724229 - Found SETADD.txt (text/plain) in CBT.V508.FILE280.PDS, moved to PDS/SETADD
2025-04-04 07:12:16.724342 - Found SI.t (text/troff) in CBT.V508.FILE280.PDS, moved to PDS/SI
2025-04-04 07:12:16.724455 - Found SK.bin (application/octet-stream) in CBT.V508.FILE280.PDS, moved to PDS/SK
2025-04-04 07:12:16.724563 - Found SP.t (text/troff) in CBT.V508.FILE280.PDS, moved to PDS/SP
2025-04-04 07:12:16.724670 - Found SR.t (text/troff) in CBT.V508.FILE280.PDS, moved to PDS/SR
2025-04-04 07:12:16.724775 - Found SS.t (text/troff) in CBT.V508.FILE280.PDS, moved to PDS/SS
2025-04-04 07:12:16.724884 - Found SU.t (text/troff) in CBT.V508.FILE280.PDS, moved to PDS/SU
2025-04-04 07:12:16.724991 - Found SUPER.txt (text/plain) in CBT.V508.FILE280.PDS, moved to PDS/SUPER
2025-04-04 07:12:16.725100 - Found SUPERT.txt (text/plain) in CBT.V508.FILE280.PDS, moved to PDS/SUPERT
2025-04-04 07:12:16.725224 - Found SY.t (text/troff) in CBT.V508.FILE280.PDS, moved to PDS/SY
2025-04-04 07:12:16.725350 - Found SYSEZ.txt (text/plain) in CBT.V508.FILE280.PDS, moved to PDS/SYSEZ
2025-04-04 07:12:16.725475 - Found SYSPUB.txt (text/plain) in CBT.V508.FILE280.PDS, moved to PDS/SYSPUB
2025-04-04 07:12:16.725615 - Found SYSPUBMN.txt (text/plain) in CBT.V508.FILE280.PDS, moved to PDS/SYSPUBMN
2025-04-04 07:12:16.725727 - Found TB.t (text/troff) in CBT.V508.FILE280.PDS, moved to PDS/TB
2025-04-04 07:12:16.725849 - Found TC.t (text/troff) in CBT.V508.FILE280.PDS, moved to PDS/TC
2025-04-04 07:12:16.725956 - Found TE.bin (application/octet-stream) in CBT.V508.FILE280.PDS, moved to PDS/TE
2025-04-04 07:12:16.726061 - Found TH.t (text/troff) in CBT.V508.FILE280.PDS, moved to PDS/TH
2025-04-04 07:12:16.726181 - Found TI.bin (application/octet-stream) in CBT.V508.FILE280.PDS, moved to PDS/TI
2025-04-04 07:12:16.726290 - Found TM.bin (application/octet-stream) in CBT.V508.FILE280.PDS, moved to PDS/TM
2025-04-04 07:12:16.726399 - Found TR.t (text/troff) in CBT.V508.FILE280.PDS, moved to PDS/TR
2025-04-04 07:12:16.726507 - Found TSOSCR.txt (text/plain) in CBT.V508.FILE280.PDS, moved to PDS/TSOSCR
2025-04-04 07:12:16.726614 - Found TT.bin (application/octet-stream) in CBT.V508.FILE280.PDS, moved to PDS/TT
2025-04-04 07:12:16.726738 - Found TY.txt (text/plain) in CBT.V508.FILE280.PDS, moved to PDS/TY
2025-04-04 07:12:16.726843 - Found UC.t (text/troff) in CBT.V508.FILE280.PDS, moved to PDS/UC
2025-04-04 07:12:16.726947 - Found UD.t (text/troff) in CBT.V508.FILE280.PDS, moved to PDS/UD
2025-04-04 07:12:16.727051 - Found UL.t (text/troff) in CBT.V508.FILE280.PDS, moved to PDS/UL
2025-04-04 07:12:16.727163 - Found UN.t (text/troff) in CBT.V508.FILE280.PDS, moved to PDS/UN
2025-04-04 07:12:16.727271 - Found UP.t (text/troff) in CBT.V508.FILE280.PDS, moved to PDS/UP
2025-04-04 07:12:16.727398 - Found UR.bin (application/octet-stream) in CBT.V508.FILE280.PDS, moved to PDS/UR
2025-04-04 07:12:16.727516 - Found US.t (text/troff) in CBT.V508.FILE280.PDS, moved to PDS/US
2025-04-04 07:12:16.727625 - Found WD.t (text/troff) in CBT.V508.FILE280.PDS, moved to PDS/WD
